Using pre-set license
Built from '2020.3/staging' branch; Version is '2020.3.10f1 (297d780c91bc) revision 2719096'; Using compiler version '192528614'; Build Type 'Release'
OS: 'Windows 10 Pro; OS build 19042.1052; Version 2009; 64bit' Language: 'en' Physical Memory: 32679 MB
BatchMode: 1, IsHumanControllingUs: 0, StartBugReporterOnCrash: 0, Is64bit: 1, IsPro: 0

 COMMAND LINE ARGUMENTS:
C:\Program Files\Unity\Hub\Editor\2020.3.10f1\Editor\Unity.exe
-adb2
-batchMode
-noUpm
-name
AssetImportWorker0
-projectPath
D:/GitHub/RemolinoAR/RemolinoAR
-logFile
Logs/AssetImportWorker0.log
-srvPort
60676
Successfully changed project path to: D:/GitHub/RemolinoAR/RemolinoAR
D:/GitHub/RemolinoAR/RemolinoAR
Using Asset Import Pipeline V2.
Refreshing native plugins compatible for Editor in 25.29 ms, found 2 plugins.
Preloading 0 native plugins for Editor in 0.00 ms.
Initialize engine version: 2020.3.10f1 (297d780c91bc)
[Subsystems] Discovering subsystems at path C:/Program Files/Unity/Hub/Editor/2020.3.10f1/Editor/Data/Resources/UnitySubsystems
[Subsystems] Discovering subsystems at path D:/GitHub/RemolinoAR/RemolinoAR/Assets
GfxDevice: creating device client; threaded=0
Direct3D:
    Version:  Direct3D 11.0 [level 11.1]
    Renderer: NVIDIA GeForce RTX 3070 (ID=0x2484)
    Vendor:   
    VRAM:     8043 MB
    Driver:   27.21.14.6589
Initialize mono
Mono path[0] = 'C:/Program Files/Unity/Hub/Editor/2020.3.10f1/Editor/Data/Managed'
Mono path[1] = 'C:/Program Files/Unity/Hub/Editor/2020.3.10f1/Editor/Data/MonoBleedingEdge/lib/mono/unityjit'
Mono config path = 'C:/Program Files/Unity/Hub/Editor/2020.3.10f1/Editor/Data/MonoBleedingEdge/etc'
Using monoOptions --debugger-agent=transport=dt_socket,embedding=1,server=y,suspend=n,address=127.0.0.1:56036
Begin MonoManager ReloadAssembly
Registering precompiled unity dll's ...
Register platform support module: C:/Program Files/Unity/Hub/Editor/2020.3.10f1/Editor/Data/PlaybackEngines/WebGLSupport/UnityEditor.WebGL.Extensions.dll
Register platform support module: C:/Program Files/Unity/Hub/Editor/2020.3.10f1/Editor/Data/PlaybackEngines/WindowsStandaloneSupport/UnityEditor.WindowsStandalone.Extensions.dll
Register platform support module: C:/Program Files/Unity/Hub/Editor/2020.3.10f1/Editor/Data/PlaybackEngines/LinuxStandaloneSupport/UnityEditor.LinuxStandalone.Extensions.dll
Registered in 0.002216 seconds.
Native extension for LinuxStandalone target not found
Native extension for WindowsStandalone target not found
Native extension for WebGL target not found
Refreshing native plugins compatible for Editor in 25.04 ms, found 2 plugins.
Preloading 0 native plugins for Editor in 0.00 ms.
Mono: successfully reloaded assembly
- Completed reload, in  1.567 seconds
Platform modules already initialized, skipping
Registering precompiled user dll's ...
Registered in 0.002030 seconds.
Begin MonoManager ReloadAssembly
Native extension for LinuxStandalone target not found
Native extension for WindowsStandalone target not found
Native extension for WebGL target not found
Refreshing native plugins compatible for Editor in 0.37 ms, found 2 plugins.
Preloading 0 native plugins for Editor in 0.00 ms.
Mono: successfully reloaded assembly
- Completed reload, in  0.765 seconds
Platform modules already initialized, skipping
========================================================================
Worker process is ready to serve import requests
Launched and connected shader compiler UnityShaderCompiler.exe after 0.03 seconds
Refreshing native plugins compatible for Editor in 0.36 ms, found 2 plugins.
Preloading 0 native plugins for Editor in 0.00 ms.
Unloading 1434 Unused Serialized files (Serialized files now loaded: 0)
System memory in use before: 69.3 MB.
System memory in use after: 69.3 MB.

Unloading 20 unused Assets to reduce memory usage. Loaded Objects now: 1881.
Total: 2.091700 ms (FindLiveObjects: 0.173600 ms CreateObjectMapping: 0.031100 ms MarkObjects: 1.803400 ms  DeleteObjects: 0.082700 ms)

========================================================================
Received Import Request.
  path: Assets/Scripts/Rail
  artifactKey: Guid(15bbca5ee8d942d4c82ba7e473611c15) Importer(815301076,1909f56bfc062723c751e8b465ee728b)
Start importing Assets/Scripts/Rail using Guid(15bbca5ee8d942d4c82ba7e473611c15) Importer(815301076,1909f56bfc062723c751e8b465ee728b)  -> (artifact id: '72432837dd1b04b27987faa3adc69efb') in 0.007259 seconds
  Import took 0.009342 seconds .

========================================================================
Received Import Request.
  Time since last request: 35.936607 seconds.
  path: Assets/Scripts/Fragment
  artifactKey: Guid(15bbca5ee8d942d4c82ba7e473611c15) Importer(815301076,1909f56bfc062723c751e8b465ee728b)
Start importing Assets/Scripts/Fragment using Guid(15bbca5ee8d942d4c82ba7e473611c15) Importer(815301076,1909f56bfc062723c751e8b465ee728b)  -> (artifact id: '1281f6d522c6d818deb3f78181348d03') in 0.005232 seconds
  Import took 0.007536 seconds .

========================================================================
Received Import Request.
  Time since last request: 13.273142 seconds.
  path: Assets/Scripts/Fragment/FragmentFactory.cs
  artifactKey: Guid(aaf39d9a95682f84a90022d73f1a2e93) Importer(815301076,1909f56bfc062723c751e8b465ee728b)
Start importing Assets/Scripts/Fragment/FragmentFactory.cs using Guid(aaf39d9a95682f84a90022d73f1a2e93) Importer(815301076,1909f56bfc062723c751e8b465ee728b)  -> (artifact id: 'a2d47a86a1869c1b7acd46e95eeb316c') in 0.019576 seconds
  Import took 0.021892 seconds .

========================================================================
Received Prepare
Registering precompiled user dll's ...
Registered in 0.002137 seconds.
Begin MonoManager ReloadAssembly
Native extension for LinuxStandalone target not found
Native extension for WindowsStandalone target not found
Native extension for WebGL target not found
Refreshing native plugins compatible for Editor in 0.37 ms, found 2 plugins.
Preloading 0 native plugins for Editor in 0.00 ms.
Mono: successfully reloaded assembly
- Completed reload, in  0.757 seconds
Platform modules already initialized, skipping
Refreshing native plugins compatible for Editor in 0.38 ms, found 2 plugins.
Preloading 0 native plugins for Editor in 0.00 ms.
Unloading 1418 Unused Serialized files (Serialized files now loaded: 0)
System memory in use before: 68.0 MB.
System memory in use after: 68.1 MB.

Unloading 15 unused Assets to reduce memory usage. Loaded Objects now: 1885.
Total: 1.591400 ms (FindLiveObjects: 0.129800 ms CreateObjectMapping: 0.030100 ms MarkObjects: 1.384500 ms  DeleteObjects: 0.046200 ms)

========================================================================
Received Prepare
Registering precompiled user dll's ...
Registered in 0.002229 seconds.
Begin MonoManager ReloadAssembly
Native extension for LinuxStandalone target not found
Native extension for WindowsStandalone target not found
Native extension for WebGL target not found
Refreshing native plugins compatible for Editor in 0.36 ms, found 2 plugins.
Preloading 0 native plugins for Editor in 0.00 ms.
Mono: successfully reloaded assembly
- Completed reload, in  0.738 seconds
Platform modules already initialized, skipping
Refreshing native plugins compatible for Editor in 0.36 ms, found 2 plugins.
Preloading 0 native plugins for Editor in 0.00 ms.
Unloading 1418 Unused Serialized files (Serialized files now loaded: 0)
System memory in use before: 68.1 MB.
System memory in use after: 68.2 MB.

Unloading 15 unused Assets to reduce memory usage. Loaded Objects now: 1888.
Total: 1.658700 ms (FindLiveObjects: 0.176200 ms CreateObjectMapping: 0.032200 ms MarkObjects: 1.394800 ms  DeleteObjects: 0.054500 ms)

========================================================================
Received Import Request.
  Time since last request: 624.151371 seconds.
  path: Assets/Scripts/Fragment/FragmentFactory.cs
  artifactKey: Guid(aaf39d9a95682f84a90022d73f1a2e93) Importer(815301076,1909f56bfc062723c751e8b465ee728b)
Start importing Assets/Scripts/Fragment/FragmentFactory.cs using Guid(aaf39d9a95682f84a90022d73f1a2e93) Importer(815301076,1909f56bfc062723c751e8b465ee728b)  -> (artifact id: 'bb6ec76a6b55145dbe54760ea8325061') in 0.003449 seconds
  Import took 0.005327 seconds .

========================================================================
Received Import Request.
  Time since last request: 1478.340299 seconds.
  path: Assets/Scripts/Fragment/Fragment.cs
  artifactKey: Guid(cf5a0a65c2963fa4f9cd8e5178fabce9) Importer(815301076,1909f56bfc062723c751e8b465ee728b)
Start importing Assets/Scripts/Fragment/Fragment.cs using Guid(cf5a0a65c2963fa4f9cd8e5178fabce9) Importer(815301076,1909f56bfc062723c751e8b465ee728b)  -> (artifact id: 'd9eb861cd61b78e9b1af0c1defce5c74') in 0.001784 seconds
  Import took 0.065083 seconds .

========================================================================
Received Import Request.
  Time since last request: 14.041105 seconds.
  path: Assets/Scripts/Fragment/FragmentFactory.cs
  artifactKey: Guid(aaf39d9a95682f84a90022d73f1a2e93) Importer(815301076,1909f56bfc062723c751e8b465ee728b)
Start importing Assets/Scripts/Fragment/FragmentFactory.cs using Guid(aaf39d9a95682f84a90022d73f1a2e93) Importer(815301076,1909f56bfc062723c751e8b465ee728b)  -> (artifact id: '11550c631a75f1adefcc83b537b2bea3') in 0.001463 seconds
  Import took 0.003578 seconds .

========================================================================
Received Import Request.
  Time since last request: 0.001356 seconds.
  path: Assets/Scripts/Fragment/FragmentFactory.cs
  artifactKey: Guid(aaf39d9a95682f84a90022d73f1a2e93) Importer(815301076,1909f56bfc062723c751e8b465ee728b)
Start importing Assets/Scripts/Fragment/FragmentFactory.cs using Guid(aaf39d9a95682f84a90022d73f1a2e93) Importer(815301076,1909f56bfc062723c751e8b465ee728b)  -> (artifact id: '11550c631a75f1adefcc83b537b2bea3') in 0.001350 seconds
  Import took 0.002989 seconds .

========================================================================
Received Prepare
Registering precompiled user dll's ...
Registered in 0.002460 seconds.
Begin MonoManager ReloadAssembly
Native extension for LinuxStandalone target not found
Native extension for WindowsStandalone target not found
Native extension for WebGL target not found
Refreshing native plugins compatible for Editor in 0.38 ms, found 2 plugins.
Preloading 0 native plugins for Editor in 0.00 ms.
Mono: successfully reloaded assembly
- Completed reload, in  0.725 seconds
Platform modules already initialized, skipping
Refreshing native plugins compatible for Editor in 0.40 ms, found 2 plugins.
Preloading 0 native plugins for Editor in 0.00 ms.
Unloading 1419 Unused Serialized files (Serialized files now loaded: 0)
System memory in use before: 68.1 MB.
System memory in use after: 68.2 MB.

Unloading 15 unused Assets to reduce memory usage. Loaded Objects now: 1892.
Total: 1.616300 ms (FindLiveObjects: 0.135400 ms CreateObjectMapping: 0.030200 ms MarkObjects: 1.401800 ms  DeleteObjects: 0.048200 ms)

========================================================================
Received Prepare
Registering precompiled user dll's ...
Registered in 0.002527 seconds.
Begin MonoManager ReloadAssembly
Native extension for LinuxStandalone target not found
Native extension for WindowsStandalone target not found
Native extension for WebGL target not found
Refreshing native plugins compatible for Editor in 0.41 ms, found 2 plugins.
Preloading 0 native plugins for Editor in 0.00 ms.
Mono: successfully reloaded assembly
- Completed reload, in  0.731 seconds
Platform modules already initialized, skipping
Refreshing native plugins compatible for Editor in 0.44 ms, found 2 plugins.
Preloading 0 native plugins for Editor in 0.00 ms.
Unloading 1419 Unused Serialized files (Serialized files now loaded: 0)
System memory in use before: 68.1 MB.
System memory in use after: 68.2 MB.

Unloading 15 unused Assets to reduce memory usage. Loaded Objects now: 1895.
Total: 1.706700 ms (FindLiveObjects: 0.150700 ms CreateObjectMapping: 0.030600 ms MarkObjects: 1.471800 ms  DeleteObjects: 0.052700 ms)

========================================================================
Received Import Request.
  Time since last request: 6816.525303 seconds.
  path: Assets/Scripts/Fragment/FragmentSpawner.cs
  artifactKey: Guid(8e10d4587c2338b448c3adfa96d0e56a) Importer(815301076,1909f56bfc062723c751e8b465ee728b)
Start importing Assets/Scripts/Fragment/FragmentSpawner.cs using Guid(8e10d4587c2338b448c3adfa96d0e56a) Importer(815301076,1909f56bfc062723c751e8b465ee728b)  -> (artifact id: '4ca663ba3c2f797725909b164d7821bb') in 0.007781 seconds
  Import took 0.010429 seconds .

========================================================================
Received Import Request.
  Time since last request: 0.002579 seconds.
  path: Assets/Scripts/Fragment/FragmentSpawner.cs
  artifactKey: Guid(8e10d4587c2338b448c3adfa96d0e56a) Importer(815301076,1909f56bfc062723c751e8b465ee728b)
Start importing Assets/Scripts/Fragment/FragmentSpawner.cs using Guid(8e10d4587c2338b448c3adfa96d0e56a) Importer(815301076,1909f56bfc062723c751e8b465ee728b)  -> (artifact id: '4ca663ba3c2f797725909b164d7821bb') in 0.001515 seconds
  Import took 0.003607 seconds .

========================================================================
Received Prepare
Registering precompiled user dll's ...
Registered in 0.002157 seconds.
Begin MonoManager ReloadAssembly
Native extension for LinuxStandalone target not found
Native extension for WindowsStandalone target not found
Native extension for WebGL target not found
Refreshing native plugins compatible for Editor in 0.38 ms, found 2 plugins.
Preloading 0 native plugins for Editor in 0.00 ms.
Mono: successfully reloaded assembly
- Completed reload, in  0.736 seconds
Platform modules already initialized, skipping
Refreshing native plugins compatible for Editor in 0.41 ms, found 2 plugins.
Preloading 0 native plugins for Editor in 0.00 ms.
Unloading 1420 Unused Serialized files (Serialized files now loaded: 0)
System memory in use before: 68.2 MB.
System memory in use after: 68.2 MB.

Unloading 15 unused Assets to reduce memory usage. Loaded Objects now: 1899.
Total: 1.756800 ms (FindLiveObjects: 0.161100 ms CreateObjectMapping: 0.033200 ms MarkObjects: 1.494300 ms  DeleteObjects: 0.067200 ms)

========================================================================
Received Prepare
Registering precompiled user dll's ...
Registered in 0.002355 seconds.
Begin MonoManager ReloadAssembly
Native extension for LinuxStandalone target not found
Native extension for WindowsStandalone target not found
Native extension for WebGL target not found
Refreshing native plugins compatible for Editor in 0.39 ms, found 2 plugins.
Preloading 0 native plugins for Editor in 0.00 ms.
Mono: successfully reloaded assembly
- Completed reload, in  0.742 seconds
Platform modules already initialized, skipping
Refreshing native plugins compatible for Editor in 0.37 ms, found 2 plugins.
Preloading 0 native plugins for Editor in 0.00 ms.
Unloading 1420 Unused Serialized files (Serialized files now loaded: 0)
System memory in use before: 68.2 MB.
System memory in use after: 68.3 MB.

Unloading 15 unused Assets to reduce memory usage. Loaded Objects now: 1902.
Total: 1.666100 ms (FindLiveObjects: 0.140300 ms CreateObjectMapping: 0.030600 ms MarkObjects: 1.444000 ms  DeleteObjects: 0.050600 ms)

========================================================================
Received Import Request.
  Time since last request: 2542.406043 seconds.
  path: Assets/Scripts/Fragment/FragmentSpawner.cs
  artifactKey: Guid(8e10d4587c2338b448c3adfa96d0e56a) Importer(815301076,1909f56bfc062723c751e8b465ee728b)
Start importing Assets/Scripts/Fragment/FragmentSpawner.cs using Guid(8e10d4587c2338b448c3adfa96d0e56a) Importer(815301076,1909f56bfc062723c751e8b465ee728b)  -> (artifact id: '4e32ccd7525a4b39e89ac7bfa236af26') in 0.003941 seconds
  Import took 0.006233 seconds .

========================================================================
Received Import Request.
  Time since last request: 2.742326 seconds.
  path: Assets/Scripts/Fragment/FragmentTypeSelector.cs
  artifactKey: Guid(4393e66260e3d5a4eb2294f1c14e554a) Importer(815301076,1909f56bfc062723c751e8b465ee728b)
Start importing Assets/Scripts/Fragment/FragmentTypeSelector.cs using Guid(4393e66260e3d5a4eb2294f1c14e554a) Importer(815301076,1909f56bfc062723c751e8b465ee728b)  -> (artifact id: '4705192213438baa53fa128ce7452da1') in 0.005142 seconds
  Import took 0.007478 seconds .

========================================================================
Received Prepare
Registering precompiled user dll's ...
Registered in 0.003193 seconds.
Begin MonoManager ReloadAssembly
Native extension for LinuxStandalone target not found
Native extension for WindowsStandalone target not found
Native extension for WebGL target not found
Refreshing native plugins compatible for Editor in 0.40 ms, found 2 plugins.
Preloading 0 native plugins for Editor in 0.00 ms.
Mono: successfully reloaded assembly
- Completed reload, in  0.763 seconds
Platform modules already initialized, skipping
Refreshing native plugins compatible for Editor in 0.40 ms, found 2 plugins.
Preloading 0 native plugins for Editor in 0.00 ms.
Unloading 1421 Unused Serialized files (Serialized files now loaded: 0)
System memory in use before: 68.2 MB.
System memory in use after: 68.3 MB.

Unloading 15 unused Assets to reduce memory usage. Loaded Objects now: 1906.
Total: 1.779000 ms (FindLiveObjects: 0.162900 ms CreateObjectMapping: 0.032300 ms MarkObjects: 1.516200 ms  DeleteObjects: 0.066500 ms)

========================================================================
Received Import Request.
  Time since last request: 33.170326 seconds.
  path: Assets/Scripts/Fragment/FragmentTypeSelector.cs
  artifactKey: Guid(4393e66260e3d5a4eb2294f1c14e554a) Importer(815301076,1909f56bfc062723c751e8b465ee728b)
Start importing Assets/Scripts/Fragment/FragmentTypeSelector.cs using Guid(4393e66260e3d5a4eb2294f1c14e554a) Importer(815301076,1909f56bfc062723c751e8b465ee728b)  -> (artifact id: 'c480c9b5d3327f7f835adce9783a0dad') in 0.005481 seconds
  Import took 0.007918 seconds .

========================================================================
Received Prepare
Registering precompiled user dll's ...
Registered in 0.002536 seconds.
Begin MonoManager ReloadAssembly
Native extension for LinuxStandalone target not found
Native extension for WindowsStandalone target not found
Native extension for WebGL target not found
Refreshing native plugins compatible for Editor in 0.38 ms, found 2 plugins.
Preloading 0 native plugins for Editor in 0.00 ms.
Mono: successfully reloaded assembly
- Completed reload, in  0.724 seconds
Platform modules already initialized, skipping
Refreshing native plugins compatible for Editor in 0.37 ms, found 2 plugins.
Preloading 0 native plugins for Editor in 0.00 ms.
Unloading 1421 Unused Serialized files (Serialized files now loaded: 0)
System memory in use before: 68.2 MB.
System memory in use after: 68.3 MB.

Unloading 15 unused Assets to reduce memory usage. Loaded Objects now: 1909.
Total: 1.674000 ms (FindLiveObjects: 0.143900 ms CreateObjectMapping: 0.030500 ms MarkObjects: 1.446800 ms  DeleteObjects: 0.052100 ms)

========================================================================
Received Import Request.
  Time since last request: 474.445055 seconds.
  path: Assets/Scripts/Fragment/FragmentTypeSelector.cs
  artifactKey: Guid(4393e66260e3d5a4eb2294f1c14e554a) Importer(815301076,1909f56bfc062723c751e8b465ee728b)
Start importing Assets/Scripts/Fragment/FragmentTypeSelector.cs using Guid(4393e66260e3d5a4eb2294f1c14e554a) Importer(815301076,1909f56bfc062723c751e8b465ee728b)  -> (artifact id: '652150fac962ce8fcde40f43e176042f') in 0.005253 seconds
  Import took 0.007196 seconds .

========================================================================
Received Prepare
Registering precompiled user dll's ...
Registered in 0.002068 seconds.
Begin MonoManager ReloadAssembly
Native extension for LinuxStandalone target not found
Native extension for WindowsStandalone target not found
Native extension for WebGL target not found
Refreshing native plugins compatible for Editor in 0.40 ms, found 2 plugins.
Preloading 0 native plugins for Editor in 0.00 ms.
Mono: successfully reloaded assembly
- Completed reload, in  0.710 seconds
Platform modules already initialized, skipping
Refreshing native plugins compatible for Editor in 0.40 ms, found 2 plugins.
Preloading 0 native plugins for Editor in 0.00 ms.
Unloading 1421 Unused Serialized files (Serialized files now loaded: 0)
System memory in use before: 68.2 MB.
System memory in use after: 68.3 MB.

Unloading 15 unused Assets to reduce memory usage. Loaded Objects now: 1912.
Total: 1.617200 ms (FindLiveObjects: 0.129900 ms CreateObjectMapping: 0.029200 ms MarkObjects: 1.407800 ms  DeleteObjects: 0.049600 ms)

========================================================================
Received Import Request.
  Time since last request: 197.015386 seconds.
  path: Assets/Prefabs/Cube.prefab
  artifactKey: Guid(a1dcd3d777a505f4d925155670f1f52d) Importer(815301076,1909f56bfc062723c751e8b465ee728b)
Start importing Assets/Prefabs/Cube.prefab using Guid(a1dcd3d777a505f4d925155670f1f52d) Importer(815301076,1909f56bfc062723c751e8b465ee728b)  -> (artifact id: 'b8e0665e334eecf4f27a6a19fd39833b') in 0.091751 seconds
  Import took 0.094344 seconds .

========================================================================
Received Import Request.
  Time since last request: 36.874858 seconds.
  path: Assets/Prefabs/Point.prefab
  artifactKey: Guid(a1dcd3d777a505f4d925155670f1f52d) Importer(815301076,1909f56bfc062723c751e8b465ee728b)
Start importing Assets/Prefabs/Point.prefab using Guid(a1dcd3d777a505f4d925155670f1f52d) Importer(815301076,1909f56bfc062723c751e8b465ee728b)  -> (artifact id: 'ca336a5e0569c17564cd20a7e7e68b86') in 0.011447 seconds
  Import took 0.013932 seconds .

========================================================================
Received Import Request.
  Time since last request: 7.008147 seconds.
  path: ProjectSettings/TagManager.asset
  artifactKey: Guid(00000000000000003000000000000000) Importer(815301076,1909f56bfc062723c751e8b465ee728b)
Start importing ProjectSettings/TagManager.asset using Guid(00000000000000003000000000000000) Importer(815301076,1909f56bfc062723c751e8b465ee728b)  -> (artifact id: 'ce6a35c3cddc746e7501c0bd0ed6d4ce') in 0.006937 seconds
  Import took 0.009316 seconds .

AssetImportWorkerClient::OnTransportError - code=2 error=End of file
