Using pre-set license
Built from '2020.3/staging' branch; Version is '2020.3.10f1 (297d780c91bc) revision 2719096'; Using compiler version '192528614'; Build Type 'Release'
OS: 'Windows 10 Pro; OS build 19042.1052; Version 2009; 64bit' Language: 'en' Physical Memory: 32679 MB
BatchMode: 1, IsHumanControllingUs: 0, StartBugReporterOnCrash: 0, Is64bit: 1, IsPro: 0

 COMMAND LINE ARGUMENTS:
C:\Program Files\Unity\Hub\Editor\2020.3.10f1\Editor\Unity.exe
-adb2
-batchMode
-noUpm
-name
AssetImportWorker0
-projectPath
D:/GitHub/RemolinoAR/RemolinoAR
-logFile
Logs/AssetImportWorker0.log
-srvPort
59687
Successfully changed project path to: D:/GitHub/RemolinoAR/RemolinoAR
D:/GitHub/RemolinoAR/RemolinoAR
Using Asset Import Pipeline V2.
Refreshing native plugins compatible for Editor in 29.95 ms, found 2 plugins.
Preloading 0 native plugins for Editor in 0.00 ms.
Initialize engine version: 2020.3.10f1 (297d780c91bc)
[Subsystems] Discovering subsystems at path C:/Program Files/Unity/Hub/Editor/2020.3.10f1/Editor/Data/Resources/UnitySubsystems
[Subsystems] Discovering subsystems at path D:/GitHub/RemolinoAR/RemolinoAR/Assets
GfxDevice: creating device client; threaded=0
Direct3D:
    Version:  Direct3D 11.0 [level 11.1]
    Renderer: NVIDIA GeForce RTX 3070 (ID=0x2484)
    Vendor:   
    VRAM:     8043 MB
    Driver:   27.21.14.6589
Initialize mono
Mono path[0] = 'C:/Program Files/Unity/Hub/Editor/2020.3.10f1/Editor/Data/Managed'
Mono path[1] = 'C:/Program Files/Unity/Hub/Editor/2020.3.10f1/Editor/Data/MonoBleedingEdge/lib/mono/unityjit'
Mono config path = 'C:/Program Files/Unity/Hub/Editor/2020.3.10f1/Editor/Data/MonoBleedingEdge/etc'
Using monoOptions --debugger-agent=transport=dt_socket,embedding=1,server=y,suspend=n,address=127.0.0.1:56608
Begin MonoManager ReloadAssembly
Registering precompiled unity dll's ...
Register platform support module: C:/Program Files/Unity/Hub/Editor/2020.3.10f1/Editor/Data/PlaybackEngines/WebGLSupport/UnityEditor.WebGL.Extensions.dll
Register platform support module: C:/Program Files/Unity/Hub/Editor/2020.3.10f1/Editor/Data/PlaybackEngines/WindowsStandaloneSupport/UnityEditor.WindowsStandalone.Extensions.dll
Register platform support module: C:/Program Files/Unity/Hub/Editor/2020.3.10f1/Editor/Data/PlaybackEngines/LinuxStandaloneSupport/UnityEditor.LinuxStandalone.Extensions.dll
Registered in 0.002208 seconds.
Native extension for LinuxStandalone target not found
Native extension for WindowsStandalone target not found
Native extension for WebGL target not found
Refreshing native plugins compatible for Editor in 27.28 ms, found 2 plugins.
Preloading 0 native plugins for Editor in 0.00 ms.
Mono: successfully reloaded assembly
- Completed reload, in  1.715 seconds
Platform modules already initialized, skipping
Registering precompiled user dll's ...
Registered in 0.002703 seconds.
Begin MonoManager ReloadAssembly
Native extension for LinuxStandalone target not found
Native extension for WindowsStandalone target not found
Native extension for WebGL target not found
Refreshing native plugins compatible for Editor in 0.48 ms, found 2 plugins.
Preloading 0 native plugins for Editor in 0.00 ms.
Mono: successfully reloaded assembly
- Completed reload, in  0.880 seconds
Platform modules already initialized, skipping
========================================================================
Worker process is ready to serve import requests
Launched and connected shader compiler UnityShaderCompiler.exe after 0.04 seconds
Refreshing native plugins compatible for Editor in 0.46 ms, found 2 plugins.
Preloading 0 native plugins for Editor in 0.00 ms.
Unloading 1439 Unused Serialized files (Serialized files now loaded: 0)
System memory in use before: 69.7 MB.
System memory in use after: 69.7 MB.

Unloading 20 unused Assets to reduce memory usage. Loaded Objects now: 1886.
Total: 1.761200 ms (FindLiveObjects: 0.171700 ms CreateObjectMapping: 0.031800 ms MarkObjects: 1.481400 ms  DeleteObjects: 0.075500 ms)

========================================================================
Received Import Request.
  path: Assets/Prefabs/C.prefab
  artifactKey: Guid(3442739847966464f935d4667c1c3ec5) Importer(815301076,1909f56bfc062723c751e8b465ee728b)
Start importing Assets/Prefabs/C.prefab using Guid(3442739847966464f935d4667c1c3ec5) Importer(815301076,1909f56bfc062723c751e8b465ee728b)  -> (artifact id: '41dcd9c9a6bcbaa54358bdd98e82756d') in 0.093204 seconds
  Import took 0.108671 seconds .

========================================================================
Received Import Request.
  Time since last request: 41.639001 seconds.
  path: Assets/Prefabs/Cube.prefab
  artifactKey: Guid(e110179fd5e43514f9499da9389d87c7) Importer(815301076,1909f56bfc062723c751e8b465ee728b)
Start importing Assets/Prefabs/Cube.prefab using Guid(e110179fd5e43514f9499da9389d87c7) Importer(815301076,1909f56bfc062723c751e8b465ee728b)  -> (artifact id: '21a599c0ccff070f4092f50f99af819b') in 0.018234 seconds
  Import took 0.021360 seconds .

========================================================================
Received Import Request.
  Time since last request: 14.080537 seconds.
  path: Assets/Prefabs/CubePoint.prefab
  artifactKey: Guid(d7a5d0cdcbaf5f844b1f422bd5436f2a) Importer(815301076,1909f56bfc062723c751e8b465ee728b)
Start importing Assets/Prefabs/CubePoint.prefab using Guid(d7a5d0cdcbaf5f844b1f422bd5436f2a) Importer(815301076,1909f56bfc062723c751e8b465ee728b)  -> (artifact id: 'abce58360d7b0ae54b892ff591f9af06') in 0.016791 seconds
  Import took 0.019412 seconds .

========================================================================
Received Import Request.
  Time since last request: 0.000267 seconds.
  path: Assets/Prefabs/CubePoint.prefab
  artifactKey: Guid(d7a5d0cdcbaf5f844b1f422bd5436f2a) Importer(815301076,1909f56bfc062723c751e8b465ee728b)
Start importing Assets/Prefabs/CubePoint.prefab using Guid(d7a5d0cdcbaf5f844b1f422bd5436f2a) Importer(815301076,1909f56bfc062723c751e8b465ee728b)  -> (artifact id: 'abce58360d7b0ae54b892ff591f9af06') in 0.010378 seconds
  Import took 0.012808 seconds .

========================================================================
Received Import Request.
  Time since last request: 4.763018 seconds.
  path: Assets/Prefabs/Cubes
  artifactKey: Guid(d7d66976bf2875d488d1fa257a36eb6c) Importer(815301076,1909f56bfc062723c751e8b465ee728b)
Start importing Assets/Prefabs/Cubes using Guid(d7d66976bf2875d488d1fa257a36eb6c) Importer(815301076,1909f56bfc062723c751e8b465ee728b)  -> (artifact id: '268047d0fbfd340bf93549a8ab6b2562') in 0.005921 seconds
  Import took 0.026853 seconds .

========================================================================
Received Import Request.
  Time since last request: 2.866474 seconds.
  path: Assets/Prefabs/B.prefab
  artifactKey: Guid(83dee96f62355664bb97ffab400d8171) Importer(815301076,1909f56bfc062723c751e8b465ee728b)
Start importing Assets/Prefabs/B.prefab using Guid(83dee96f62355664bb97ffab400d8171) Importer(815301076,1909f56bfc062723c751e8b465ee728b)  -> (artifact id: 'e248597d4c3bee743f06dd2848aa36ed') in 0.014863 seconds
  Import took 0.017781 seconds .

========================================================================
Received Import Request.
  Time since last request: 85.208074 seconds.
  path: Assets/Prefabs/HoloUnitySDK.prefab
  artifactKey: Guid(1406f955c48577742b4f2938e4e6fcec) Importer(815301076,1909f56bfc062723c751e8b465ee728b)
Start importing Assets/Prefabs/HoloUnitySDK.prefab using Guid(1406f955c48577742b4f2938e4e6fcec) Importer(815301076,1909f56bfc062723c751e8b465ee728b)  -> (artifact id: '0d0f73f8cfa47c238ffbe1d73b8077c5') in 0.235143 seconds
  Import took 0.240885 seconds .

========================================================================
Received Import Request.
  Time since last request: 9.215494 seconds.
  path: Assets/Prefabs/CubePointAdd.prefab
  artifactKey: Guid(d7a5d0cdcbaf5f844b1f422bd5436f2a) Importer(815301076,1909f56bfc062723c751e8b465ee728b)
Start importing Assets/Prefabs/CubePointAdd.prefab using Guid(d7a5d0cdcbaf5f844b1f422bd5436f2a) Importer(815301076,1909f56bfc062723c751e8b465ee728b)  -> (artifact id: '3d7ac1d5e2bec0ce90bdf5fe134ae173') in 0.014024 seconds
  Import took 0.016866 seconds .

========================================================================
Received Import Request.
  Time since last request: 0.761641 seconds.
  path: Assets/Prefabs/CubePointAdd 1.prefab
  artifactKey: Guid(3a5aa1e788ec29248b7565a264341b20) Importer(815301076,1909f56bfc062723c751e8b465ee728b)
Start importing Assets/Prefabs/CubePointAdd 1.prefab using Guid(3a5aa1e788ec29248b7565a264341b20) Importer(815301076,1909f56bfc062723c751e8b465ee728b)  -> (artifact id: 'd9f37be84244e05140bffa3ad84cfddb') in 0.012880 seconds
  Import took 0.015541 seconds .

========================================================================
Received Import Request.
  Time since last request: 2.851201 seconds.
  path: Assets/Prefabs/CubePointDel.prefab
  artifactKey: Guid(3a5aa1e788ec29248b7565a264341b20) Importer(815301076,1909f56bfc062723c751e8b465ee728b)
Start importing Assets/Prefabs/CubePointDel.prefab using Guid(3a5aa1e788ec29248b7565a264341b20) Importer(815301076,1909f56bfc062723c751e8b465ee728b)  -> (artifact id: 'ffd053f92fc3df2237cb2477505bcda8') in 0.012739 seconds
  Import took 0.015218 seconds .

========================================================================
Received Import Request.
  Time since last request: 55.118347 seconds.
  path: Assets/Prefabs/Cubes/B.prefab
  artifactKey: Guid(83dee96f62355664bb97ffab400d8171) Importer(815301076,1909f56bfc062723c751e8b465ee728b)
Start importing Assets/Prefabs/Cubes/B.prefab using Guid(83dee96f62355664bb97ffab400d8171) Importer(815301076,1909f56bfc062723c751e8b465ee728b)  -> (artifact id: 'a696f91fc362097375e6b3dc7a534c0d') in 0.030906 seconds
  Import took 0.033493 seconds .

========================================================================
Received Import Request.
  Time since last request: 89.103601 seconds.
  path: Assets/Prefabs/Cubes/C.prefab
  artifactKey: Guid(3442739847966464f935d4667c1c3ec5) Importer(815301076,1909f56bfc062723c751e8b465ee728b)
Start importing Assets/Prefabs/Cubes/C.prefab using Guid(3442739847966464f935d4667c1c3ec5) Importer(815301076,1909f56bfc062723c751e8b465ee728b)  -> (artifact id: '74d4a9535cec592aa13715ebbf1cf08c') in 0.016113 seconds
  Import took 0.018956 seconds .

========================================================================
Received Import Request.
  Time since last request: 0.005038 seconds.
  path: Assets/Prefabs/Cubes/C.prefab
  artifactKey: Guid(3442739847966464f935d4667c1c3ec5) Importer(815301076,1909f56bfc062723c751e8b465ee728b)
Start importing Assets/Prefabs/Cubes/C.prefab using Guid(3442739847966464f935d4667c1c3ec5) Importer(815301076,1909f56bfc062723c751e8b465ee728b)  -> (artifact id: '74d4a9535cec592aa13715ebbf1cf08c') in 0.029159 seconds
  Import took 0.032235 seconds .

========================================================================
Received Import Request.
  Time since last request: 116.196302 seconds.
  path: Assets/Prefabs/CubePointDel.prefab
  artifactKey: Guid(3a5aa1e788ec29248b7565a264341b20) Importer(815301076,1909f56bfc062723c751e8b465ee728b)
Start importing Assets/Prefabs/CubePointDel.prefab using Guid(3a5aa1e788ec29248b7565a264341b20) Importer(815301076,1909f56bfc062723c751e8b465ee728b)  -> (artifact id: 'ceca9d58430f7589e29e397822da8a30') in 0.010782 seconds
  Import took 0.013449 seconds .

========================================================================
Received Import Request.
  Time since last request: 0.001779 seconds.
  path: Assets/Prefabs/CubePointDel.prefab
  artifactKey: Guid(3a5aa1e788ec29248b7565a264341b20) Importer(815301076,1909f56bfc062723c751e8b465ee728b)
Start importing Assets/Prefabs/CubePointDel.prefab using Guid(3a5aa1e788ec29248b7565a264341b20) Importer(815301076,1909f56bfc062723c751e8b465ee728b)  -> (artifact id: 'ceca9d58430f7589e29e397822da8a30') in 0.029349 seconds
  Import took 0.031823 seconds .

========================================================================
Received Import Request.
  Time since last request: 303.464153 seconds.
  path: Assets/Prefabs/Cubes/D.prefab
  artifactKey: Guid(e79a6e0b38ae1cd45a9241c872d0a3a4) Importer(815301076,1909f56bfc062723c751e8b465ee728b)
Start importing Assets/Prefabs/Cubes/D.prefab using Guid(e79a6e0b38ae1cd45a9241c872d0a3a4) Importer(815301076,1909f56bfc062723c751e8b465ee728b)  -> (artifact id: 'c5a4e69ffd8e0ba7a28dd43f4b9b3143') in 0.032829 seconds
  Import took 0.035740 seconds .

========================================================================
Received Import Request.
  Time since last request: 34.515739 seconds.
  path: Assets/Prefabs/Cubes/E.prefab
  artifactKey: Guid(a588db225fc6f3c4a98496a35e25705b) Importer(815301076,1909f56bfc062723c751e8b465ee728b)
Start importing Assets/Prefabs/Cubes/E.prefab using Guid(a588db225fc6f3c4a98496a35e25705b) Importer(815301076,1909f56bfc062723c751e8b465ee728b)  -> (artifact id: '0870436385d4bd02a98c24c8647b90d0') in 0.015870 seconds
  Import took 0.019088 seconds .

========================================================================
Received Import Request.
  Time since last request: 0.026770 seconds.
  path: Assets/Prefabs/Cubes/E.prefab
  artifactKey: Guid(a588db225fc6f3c4a98496a35e25705b) Importer(815301076,1909f56bfc062723c751e8b465ee728b)
Start importing Assets/Prefabs/Cubes/E.prefab using Guid(a588db225fc6f3c4a98496a35e25705b) Importer(815301076,1909f56bfc062723c751e8b465ee728b)  -> (artifact id: '0870436385d4bd02a98c24c8647b90d0') in 0.008578 seconds
  Import took 0.011210 seconds .

========================================================================
Received Prepare
Registering precompiled user dll's ...
Registered in 0.002803 seconds.
Begin MonoManager ReloadAssembly
Native extension for LinuxStandalone target not found
Native extension for WindowsStandalone target not found
Native extension for WebGL target not found
Refreshing native plugins compatible for Editor in 0.51 ms, found 2 plugins.
Preloading 0 native plugins for Editor in 0.00 ms.
Mono: successfully reloaded assembly
- Completed reload, in  0.771 seconds
Platform modules already initialized, skipping
Refreshing native plugins compatible for Editor in 0.39 ms, found 2 plugins.
Preloading 0 native plugins for Editor in 0.00 ms.
Unloading 1422 Unused Serialized files (Serialized files now loaded: 0)
System memory in use before: 72.2 MB.
System memory in use after: 72.2 MB.

Unloading 19 unused Assets to reduce memory usage. Loaded Objects now: 1898.
Total: 1.660800 ms (FindLiveObjects: 0.133100 ms CreateObjectMapping: 0.030300 ms MarkObjects: 1.439800 ms  DeleteObjects: 0.056800 ms)

========================================================================
Received Import Request.
  Time since last request: 9.467439 seconds.
  path: Assets/Prefabs/Cubes/F.prefab
  artifactKey: Guid(57555a069b3afc04283bdbb23c02fce6) Importer(815301076,1909f56bfc062723c751e8b465ee728b)
Start importing Assets/Prefabs/Cubes/F.prefab using Guid(57555a069b3afc04283bdbb23c02fce6) Importer(815301076,1909f56bfc062723c751e8b465ee728b)  -> (artifact id: '191a5a005709f2a0fa17fb205dc98333') in 0.055731 seconds
  Import took 0.059628 seconds .

========================================================================
Received Prepare
Registering precompiled user dll's ...
Registered in 0.002250 seconds.
Begin MonoManager ReloadAssembly
Native extension for LinuxStandalone target not found
Native extension for WindowsStandalone target not found
Native extension for WebGL target not found
Refreshing native plugins compatible for Editor in 0.84 ms, found 2 plugins.
Preloading 0 native plugins for Editor in 0.00 ms.
Mono: successfully reloaded assembly
- Completed reload, in  0.821 seconds
Platform modules already initialized, skipping
Refreshing native plugins compatible for Editor in 0.44 ms, found 2 plugins.
Preloading 0 native plugins for Editor in 0.00 ms.
Unloading 1422 Unused Serialized files (Serialized files now loaded: 0)
System memory in use before: 72.2 MB.
System memory in use after: 72.3 MB.

Unloading 15 unused Assets to reduce memory usage. Loaded Objects now: 1902.
Total: 2.644000 ms (FindLiveObjects: 0.307700 ms CreateObjectMapping: 0.055700 ms MarkObjects: 2.215200 ms  DeleteObjects: 0.063800 ms)

========================================================================
Received Prepare
Registering precompiled user dll's ...
Registered in 0.002205 seconds.
Begin MonoManager ReloadAssembly
Native extension for LinuxStandalone target not found
Native extension for WindowsStandalone target not found
Native extension for WebGL target not found
Refreshing native plugins compatible for Editor in 0.51 ms, found 2 plugins.
Preloading 0 native plugins for Editor in 0.00 ms.
Mono: successfully reloaded assembly
- Completed reload, in  0.792 seconds
Platform modules already initialized, skipping
Refreshing native plugins compatible for Editor in 0.41 ms, found 2 plugins.
Preloading 0 native plugins for Editor in 0.00 ms.
Unloading 1422 Unused Serialized files (Serialized files now loaded: 0)
System memory in use before: 72.2 MB.
System memory in use after: 72.3 MB.

Unloading 15 unused Assets to reduce memory usage. Loaded Objects now: 1905.
Total: 1.789200 ms (FindLiveObjects: 0.165700 ms CreateObjectMapping: 0.031700 ms MarkObjects: 1.541000 ms  DeleteObjects: 0.049600 ms)

========================================================================
Received Import Request.
  Time since last request: 642.227129 seconds.
  path: Assets/HoloUnitySDK/Resources/Font/Font001/Exo-Light SDF.asset
  artifactKey: Guid(498be77718a6bd543ad5edfc51a747b5) Importer(815301076,1909f56bfc062723c751e8b465ee728b)
Start importing Assets/HoloUnitySDK/Resources/Font/Font001/Exo-Light SDF.asset using Guid(498be77718a6bd543ad5edfc51a747b5) Importer(815301076,1909f56bfc062723c751e8b465ee728b)  -> (artifact id: 'd8b9c5fc083705915309e958efeac1df') in 0.094849 seconds
  Import took 0.098096 seconds .

========================================================================
Received Import Request.
  Time since last request: 1850.412102 seconds.
  path: Assets/Music/Remolino-main.mp3
  artifactKey: Guid(f3001444b083c90478867f84ed5d38fa) Importer(815301076,1909f56bfc062723c751e8b465ee728b)
Start importing Assets/Music/Remolino-main.mp3 using Guid(f3001444b083c90478867f84ed5d38fa) Importer(815301076,1909f56bfc062723c751e8b465ee728b)  -> (artifact id: '630bf7e87b5d3e1acce3ee7b838710ee') in 0.026470 seconds
  Import took 0.029247 seconds .

========================================================================
Received Prepare
Registering precompiled user dll's ...
Registered in 0.002687 seconds.
Begin MonoManager ReloadAssembly
Native extension for LinuxStandalone target not found
Native extension for WindowsStandalone target not found
Native extension for WebGL target not found
Refreshing native plugins compatible for Editor in 0.44 ms, found 2 plugins.
Preloading 0 native plugins for Editor in 0.00 ms.
Mono: successfully reloaded assembly
- Completed reload, in  0.762 seconds
Platform modules already initialized, skipping
Refreshing native plugins compatible for Editor in 0.37 ms, found 2 plugins.
Preloading 0 native plugins for Editor in 0.00 ms.
Unloading 1422 Unused Serialized files (Serialized files now loaded: 0)
System memory in use before: 72.5 MB.
System memory in use after: 72.6 MB.

Unloading 15 unused Assets to reduce memory usage. Loaded Objects now: 1946.
Total: 1.703800 ms (FindLiveObjects: 0.162200 ms CreateObjectMapping: 0.031900 ms MarkObjects: 1.453800 ms  DeleteObjects: 0.055100 ms)

========================================================================
Received Prepare
Registering precompiled user dll's ...
Registered in 0.002357 seconds.
Begin MonoManager ReloadAssembly
Native extension for LinuxStandalone target not found
Native extension for WindowsStandalone target not found
Native extension for WebGL target not found
Refreshing native plugins compatible for Editor in 0.43 ms, found 2 plugins.
Preloading 0 native plugins for Editor in 0.00 ms.
Mono: successfully reloaded assembly
- Completed reload, in  0.785 seconds
Platform modules already initialized, skipping
Refreshing native plugins compatible for Editor in 0.37 ms, found 2 plugins.
Preloading 0 native plugins for Editor in 0.00 ms.
Unloading 1422 Unused Serialized files (Serialized files now loaded: 0)
System memory in use before: 72.5 MB.
System memory in use after: 72.6 MB.

Unloading 15 unused Assets to reduce memory usage. Loaded Objects now: 1949.
Total: 1.752200 ms (FindLiveObjects: 0.165900 ms CreateObjectMapping: 0.035100 ms MarkObjects: 1.498200 ms  DeleteObjects: 0.052200 ms)

========================================================================
Received Prepare
Refreshing native plugins compatible for Editor in 1.95 ms, found 2 plugins.
Preloading 0 native plugins for Editor in 0.00 ms.
Unloading 13 Unused Serialized files (Serialized files now loaded: 0)
System memory in use before: 44.6 MB.
System memory in use after: 44.7 MB.

Unloading 13 unused Assets to reduce memory usage. Loaded Objects now: 1949.
Total: 1.632600 ms (FindLiveObjects: 0.157800 ms CreateObjectMapping: 0.029800 ms MarkObjects: 1.406000 ms  DeleteObjects: 0.038300 ms)

========================================================================
Received Prepare
Refreshing native plugins compatible for Editor in 1.95 ms, found 2 plugins.
Preloading 0 native plugins for Editor in 0.00 ms.
Unloading 13 Unused Serialized files (Serialized files now loaded: 0)
System memory in use before: 44.6 MB.
System memory in use after: 44.7 MB.

Unloading 13 unused Assets to reduce memory usage. Loaded Objects now: 1949.
Total: 1.935500 ms (FindLiveObjects: 0.189100 ms CreateObjectMapping: 0.030200 ms MarkObjects: 1.671100 ms  DeleteObjects: 0.044400 ms)

========================================================================
Received Prepare
Refreshing native plugins compatible for Editor in 1.95 ms, found 2 plugins.
Preloading 0 native plugins for Editor in 0.00 ms.
Unloading 13 Unused Serialized files (Serialized files now loaded: 0)
System memory in use before: 44.6 MB.
System memory in use after: 44.7 MB.

Unloading 13 unused Assets to reduce memory usage. Loaded Objects now: 1949.
Total: 1.746900 ms (FindLiveObjects: 0.175500 ms CreateObjectMapping: 0.031400 ms MarkObjects: 1.498700 ms  DeleteObjects: 0.040500 ms)

========================================================================
Received Prepare
Refreshing native plugins compatible for Editor in 2.64 ms, found 2 plugins.
Preloading 0 native plugins for Editor in 0.00 ms.
Unloading 13 Unused Serialized files (Serialized files now loaded: 0)
System memory in use before: 44.6 MB.
System memory in use after: 44.7 MB.

Unloading 13 unused Assets to reduce memory usage. Loaded Objects now: 1949.
Total: 1.689700 ms (FindLiveObjects: 0.172900 ms CreateObjectMapping: 0.029700 ms MarkObjects: 1.441800 ms  DeleteObjects: 0.044600 ms)

========================================================================
Received Prepare
Registering precompiled user dll's ...
Registered in 0.002464 seconds.
Begin MonoManager ReloadAssembly
Native extension for LinuxStandalone target not found
Native extension for WindowsStandalone target not found
Native extension for WebGL target not found
Refreshing native plugins compatible for Editor in 0.41 ms, found 2 plugins.
Preloading 0 native plugins for Editor in 0.00 ms.
Mono: successfully reloaded assembly
- Completed reload, in  0.802 seconds
Platform modules already initialized, skipping
Refreshing native plugins compatible for Editor in 0.54 ms, found 2 plugins.
Preloading 0 native plugins for Editor in 0.00 ms.
Unloading 1422 Unused Serialized files (Serialized files now loaded: 0)
System memory in use before: 72.5 MB.
System memory in use after: 72.6 MB.

Unloading 15 unused Assets to reduce memory usage. Loaded Objects now: 1952.
Total: 1.959200 ms (FindLiveObjects: 0.158300 ms CreateObjectMapping: 0.031500 ms MarkObjects: 1.694800 ms  DeleteObjects: 0.073600 ms)

========================================================================
Received Import Request.
  Time since last request: 610.124102 seconds.
  path: Assets/Prefabs/HoloUnitySDK.prefab
  artifactKey: Guid(1406f955c48577742b4f2938e4e6fcec) Importer(815301076,1909f56bfc062723c751e8b465ee728b)
Start importing Assets/Prefabs/HoloUnitySDK.prefab using Guid(1406f955c48577742b4f2938e4e6fcec) Importer(815301076,1909f56bfc062723c751e8b465ee728b)  -> (artifact id: 'cdba4295e68799a1d13bc03c7cea4098') in 0.293297 seconds
  Import took 0.299748 seconds .

AssetImportWorkerClient::OnTransportError - code=2 error=End of file
